[3073567552]: 0123456789
[3065174848]: 0123456789
[3056782144]: 0123456789
[3073567552]: 0123456789
[2963233600]: 0123456789
[2946448192]: 0123456789
[2980019008]: 0123456789
[3065174848]: 0123456789
[2996804416]: 0123456789
[2971626304]: 0123456789
[3013589824]: 0123456789
[2954840896]: 0123456789
[3056782144]: 0123456789
[3073567552]: 0123456789
[2988411712]: 0123456789
[3030375232]: 0123456789
[3047160640]: 0123456789
[3005197120]: 0123456789
[3021982528]: 0123456789
[3038767936]: 0123456789
[2963233600]: 0123456789
[2946448192]: 0123456789
[2980019008]: 0123456789
[3065174848]: 0123456789
[2996804416]: 0123456789
[2971626304]: 0123456789
[3013589824]: 0123456789
[2954840896]: 0123456789
[3056782144]: 0123456789
[3073567552]: 0123456789
[2988411712]: 0123456789
[3030375232]: 0123456789
[3047160640]: 0123456789
[3005197120]: 0123456789
[3021982528]: 0123456789
[3038767936]: 0123456789
[2963233600]: 0123456789
[2946448192]: 0123456789
[2980019008]: 0123456789
[3065174848]: 0123456789
[2996804416]: 0123456789
[2971626304]: 0123456789
[3013589824]: 0123456789
[2954840896]: 0123456789
[3056782144]: 0123456789
[3073567552]: 0123456789
[2988411712]: 0123456789
[3030375232]: 0123456789
[3047160640]: 0123456789
[3005197120]: 0123456789
[3021982528]: 0123456789
[3038767936]: 0123456789
[2963233600]: 0123456789
[2946448192]: 0123456789
[2980019008]: 0123456789
[3065174848]: 0123456789
[2996804416]: 0123456789
[2971626304]: 0123456789
[3013589824]: 0123456789
[2954840896]: 0123456789
