[2964446016]: 0123456789
[2964446016]: 0123456789
[2964446016]: 0123456789
[2964446016]: 0123456789
[2964446016]: 0123456789
[2964446016]: 0123456789
[2964446016]: 0123456789
[2964446016]: 0123456789
[2964446016]: 0123456789
[2964446016]: 0123456789
[2964446016]: 0123456789
[2964446016]: 0123456789
[2964446016]: 0123456789
[2964446016]: 0123456789
[2964446016]: 0123456789
[2964446016]: 0123456789
[2964446016]: 0123456789
[2964446016]: 0123456789
[2964446016]: 0123456789
[2964446016]: 0123456789
[2964446016]: 0123456789
[2964446016]: 0123456789
[2964446016]: 0123456789
[2964446016]: 0123456789
[2964446016]: 0123456789
[2964446016]: 0123456789
[2964446016]: 0123456789
[2964446016]: 0123456789
[2964446016]: 0123456789
[2964446016]: 0123456789
[2964446016]: 0123456789
[2964446016]: 0123456789
[2964446016]: 0123456789
[2964446016]: 0123456789
[2964446016]: 0123456789
[2964446016]: 0123456789
[2964446016]: 0123456789
[2964446016]: 0123456789
[2964446016]: 0123456789
[2964446016]: 0123456789
[2964446016]: 0123456789
[2964446016]: 0123456789
[2964446016]: 0123456789
[2964446016]: 0123456789
[2964446016]: 0123456789
[2964446016]: 0123456789
[2964446016]: 0123456789
[2964446016]: 0123456789
[2964446016]: 0123456789
[2964446016]: 0123456789
[2964446016]: 0123456789
[2964446016]: 0123456789
[2964446016]: 0123456789
[2964446016]: 0123456789
[2964446016]: 0123456789
[2964446016]: 0123456789
[2964446016]: 0123456789
[2964446016]: 0123456789
[2964446016]: 0123456789
[2964446016]: 0123456789
[2964446016]: 0123456789
[2964446016]: 0123456789
[2964446016]: 0123456789
[2964446016]: 0123456789
[2964446016]: 0123456789
[2964446016]: 0123456789
[2964446016]: 0123456789
[2964446016]: 0123456789
[2964446016]: 0123456789
[2964446016]: 0123456789
[2964446016]: 0123456789
[2964446016]: 0123456789
[2964446016]: 0123456789
[2964446016]: 0123456789
[2964446016]: 0123456789
[2964446016]: 0123456789
[2981231424]: 0123456789
[2947660608]: 0123456789
[2972838720]: 0123456789
[2956053312]: 0123456789
[2998016832]: 0123456789
[2989624128]: 0123456789
[3014802240]: 0123456789
[3031587648]: 0123456789
[3006409536]: 0123456789
[3023194944]: 0123456789
[3039980352]: 0123456789
[3056765760]: 0123456789
[2964446016]: 0123456789
[3065158464]: 0123456789
[3073551168]: 0123456789
[3048373056]: 0123456789
[2981231424]: 0123456789
[2947660608]: 0123456789
[2972838720]: 0123456789
[2956053312]: 0123456789
[2998016832]: 0123456789
[2989624128]: 0123456789
[3014802240]: 0123456789
[3031587648]: 0123456789
[3006409536]: 0123456789
[3023194944]: 0123456789
[3039980352]: 0123456789
[3056765760]: 0123456789
[2964446016]: 0123456789
[3065158464]: 0123456789
[3073551168]: 0123456789
[3048373056]: 0123456789
[2981231424]: 0123456789
[2947660608]: 0123456789
[2972838720]: 0123456789
[2956053312]: 0123456789
[2998016832]: 0123456789
[2989624128]: 0123456789
[3014802240]: 0123456789
[3031587648]: 0123456789
[3006409536]: 0123456789
[3023194944]: 0123456789
[3039980352]: 0123456789
[3056765760]: 0123456789
[2964446016]: 0123456789
[3065158464]: 0123456789
[3073551168]: 0123456789
[3048373056]: 0123456789
[2981231424]: 0123456789
[2947660608]: 0123456789
[2972838720]: 0123456789
[2956053312]: 0123456789
[2998016832]: 0123456789
[2989624128]: 0123456789
[3014802240]: 0123456789
[3031587648]: 0123456789
[3006409536]: 0123456789
[3023194944]: 0123456789
[3039980352]: 0123456789
[3056765760]: 0123456789
[2964446016]: 0123456789
[3065158464]: 0123456789
[3073551168]: 0123456789
[3048373056]: 0123456789
[2981231424]: 0123456789
[2947660608]: 0123456789
[2972838720]: 0123456789
[2956053312]: 0123456789
[2998016832]: 0123456789
[2989624128]: 0123456789
[3014802240]: 0123456789
[3031587648]: 0123456789
[3006409536]: 0123456789
[3023194944]: 0123456789
[3039980352]: 0123456789
[3056765760]: 0123456789
[2964446016]: 0123456789
[3065158464]: 0123456789
[3073551168]: 0123456789
[3048373056]: 0123456789
[2981231424]: 0123456789
[2947660608]: 0123456789
[2972838720]: 0123456789
[2956053312]: 0123456789
[2998016832]: 0123456789
[2989624128]: 0123456789
[3014802240]: 0123456789
[3031587648]: 0123456789
[3006409536]: 0123456789
[3023194944]: 0123456789
[3039980352]: 0123456789
[3056765760]: 0123456789
[2964446016]: 0123456789
[3065158464]: 0123456789
[3073551168]: 0123456789
[3048373056]: 0123456789
[2981231424]: 0123456789
[2947660608]: 0123456789
[2972838720]: 0123456789
[2956053312]: 0123456789
[2998016832]: 0123456789
[2989624128]: 0123456789
[3014802240]: 0123456789
[3031587648]: 0123456789
[3006409536]: 0123456789
[3023194944]: 0123456789
[3039980352]: 0123456789
[3056765760]: 0123456789
[2964446016]: 0123456789
[3065158464]: 0123456789
[3073551168]: 0123456789
[3048373056]: 0123456789
[2981231424]: 0123456789
[2947660608]: 0123456789
[2972838720]: 0123456789
[2956053312]: 0123456789
[2998016832]: 0123456789
[2989624128]: 0123456789
[3014802240]: 0123456789
[3031587648]: 0123456789
[3006409536]: 0123456789
[3023194944]: 0123456789
[3039980352]: 0123456789
[3056765760]: 0123456789
[2964446016]: 0123456789
[3065158464]: 0123456789
[3073551168]: 0123456789
[3048373056]: 0123456789
[2981231424]: 0123456789
[2947660608]: 0123456789
[2972838720]: 0123456789
[2956053312]: 0123456789
[2998016832]: 0123456789
[2989624128]: 0123456789
[3014802240]: 0123456789
[3031587648]: 0123456789
[3006409536]: 0123456789
[3023194944]: 0123456789
[3039980352]: 0123456789
[3056765760]: 0123456789
[2964446016]: 0123456789
[3065158464]: 0123456789
[3073551168]: 0123456789
[3048373056]: 0123456789
[2981231424]: 0123456789
[2947660608]: 0123456789
[2972838720]: 0123456789
[2956053312]: 0123456789
[2998016832]: 0123456789
[2989624128]: 0123456789
[3014802240]: 0123456789
[3031587648]: 0123456789
[3006409536]: 0123456789
[3023194944]: 0123456789
[3039980352]: 0123456789
[3056765760]: 0123456789
[2964446016]: 0123456789
[3065158464]: 0123456789
[3073551168]: 0123456789
[3048373056]: 0123456789
[2981231424]: 0123456789
[2947660608]: 0123456789
[2972838720]: 0123456789
[2956053312]: 0123456789
[2998016832]: 0123456789
[2989624128]: 0123456789
[3014802240]: 0123456789
[3031587648]: 0123456789
[3006409536]: 0123456789
[3023194944]: 0123456789
[3039980352]: 0123456789
[3056765760]: 0123456789
[2964446016]: 0123456789
[3065158464]: 0123456789
[3073551168]: 0123456789
[3048373056]: 0123456789
[2981231424]: 0123456789
[2947660608]: 0123456789
[2972838720]: 0123456789
[2956053312]: 0123456789
[2998016832]: 0123456789
[2989624128]: 0123456789
[3014802240]: 0123456789
[3031587648]: 0123456789
[3006409536]: 0123456789
[3023194944]: 0123456789
[3039980352]: 0123456789
[3056765760]: 0123456789
[2964446016]: 0123456789
[3065158464]: 0123456789
[3073551168]: 0123456789
[3048373056]: 0123456789
[2981231424]: 0123456789
[2947660608]: 0123456789
[2972838720]: 0123456789
[2956053312]: 0123456789
[2998016832]: 0123456789
[2989624128]: 0123456789
[3014802240]: 0123456789
[3031587648]: 0123456789
[3006409536]: 0123456789
[3023194944]: 0123456789
[3039980352]: 0123456789
[3056765760]: 0123456789
[2964446016]: 0123456789
[3065158464]: 0123456789
[3073551168]: 0123456789
[3048373056]: 0123456789
[2981231424]: 0123456789
[2947660608]: 0123456789
[2972838720]: 0123456789
[2956053312]: 0123456789
[2998016832]: 0123456789
[2989624128]: 0123456789
[3014802240]: 0123456789
[3031587648]: 0123456789
[3006409536]: 0123456789
[3023194944]: 0123456789
[3039980352]: 0123456789
[3056765760]: 0123456789
[2964446016]: 0123456789
[3065158464]: 0123456789
[3073551168]: 0123456789
[3048373056]: 0123456789
[2981231424]: 0123456789
[2947660608]: 0123456789
[2972838720]: 0123456789
[2956053312]: 0123456789
[2998016832]: 0123456789
[2989624128]: 0123456789
[3014802240]: 0123456789
[3031587648]: 0123456789
[3006409536]: 0123456789
[3023194944]: 0123456789
[3039980352]: 0123456789
[3056765760]: 0123456789
[2964446016]: 0123456789
[3065158464]: 0123456789
[3073551168]: 0123456789
[3048373056]: 0123456789
[2981231424]: 0123456789
[2947660608]: 0123456789
[2972838720]: 0123456789
[2956053312]: 0123456789
[2998016832]: 0123456789
[2989624128]: 0123456789
[3014802240]: 0123456789
[3031587648]: 0123456789
[3006409536]: 0123456789
[3023194944]: 0123456789
[3039980352]: 0123456789
[3056765760]: 0123456789
[2964446016]: 0123456789
[3065158464]: 0123456789
[3073551168]: 0123456789
[3048373056]: 0123456789
[2981231424]: 0123456789
[2947660608]: 0123456789
[2972838720]: 0123456789
[2956053312]: 0123456789
[2998016832]: 0123456789
[2989624128]: 0123456789
[3014802240]: 0123456789
[3031587648]: 0123456789
[3006409536]: 0123456789
[3023194944]: 0123456789
[3039980352]: 0123456789
[3056765760]: 0123456789
[2964446016]: 0123456789
[3065158464]: 0123456789
[3073551168]: 0123456789
[3048373056]: 0123456789
[2981231424]: 0123456789
[2947660608]: 0123456789
[2972838720]: 0123456789
[2956053312]: 0123456789
[2998016832]: 0123456789
[2989624128]: 0123456789
[3014802240]: 0123456789
[3031587648]: 0123456789
[3006409536]: 0123456789
[3023194944]: 0123456789
[3039980352]: 0123456789
[3056765760]: 0123456789
[2964446016]: 0123456789
[3065158464]: 0123456789
[3073551168]: 0123456789
[3048373056]: 0123456789
[2981231424]: 0123456789
[2947660608]: 0123456789
[2972838720]: 0123456789
[2956053312]: 0123456789
[2998016832]: 0123456789
[2989624128]: 0123456789
[3014802240]: 0123456789
[3031587648]: 0123456789
[3006409536]: 0123456789
[3023194944]: 0123456789
[3039980352]: 0123456789
[3056765760]: 0123456789
[2964446016]: 0123456789
